<?xml version="1.0" encoding="UTF-8"?>
<testsuites>
  <testsuite name="Admin Test Suite" tests="7" assertions="17" failures="0" errors="0" time="3.286810">
    <testsuite name="Admin\Service\AuthTest" file="/vagrant/module/Admin/tests/src/Admin/Service/AuthTest.php" tests="7" assertions="17" failures="0" errors="0" time="3.286810">
      <testcase name="testAuthenticateWithoutParams" class="Admin\Service\AuthTest" file="/vagrant/module/Admin/tests/src/Admin/Service/AuthTest.php" line="28" assertions="1" time="0.854242"/>
      <testcase name="testAuthenticateEmptyParams" class="Admin\Service\AuthTest" file="/vagrant/module/Admin/tests/src/Admin/Service/AuthTest.php" line="40" assertions="2" time="0.235188"/>
      <testcase name="testAuthenticateInvalidParameters" class="Admin\Service\AuthTest" file="/vagrant/module/Admin/tests/src/Admin/Service/AuthTest.php" line="52" assertions="2" time="0.411114"/>
      <testcase name="testAuthenticateInvalidPassord" class="Admin\Service\AuthTest" file="/vagrant/module/Admin/tests/src/Admin/Service/AuthTest.php" line="64" assertions="2" time="0.512309"/>
      <testcase name="testAuthenticateValidParams" class="Admin\Service\AuthTest" file="/vagrant/module/Admin/tests/src/Admin/Service/AuthTest.php" line="75" assertions="3" time="0.441697"/>
      <testcase name="testAuthorize" class="Admin\Service\AuthTest" file="/vagrant/module/Admin/tests/src/Admin/Service/AuthTest.php" line="108" assertions="3" time="0.420007"/>
      <testcase name="testLogout" class="Admin\Service\AuthTest" file="/vagrant/module/Admin/tests/src/Admin/Service/AuthTest.php" line="129" assertions="4" time="0.412253"/>
    </testsuite>
  </testsuite>
</testsuites>
